

 >> R  2    R e s i s t i v i t y   I n v e r s i o n   v4.02 <<

 >> D a t e : 24 - 08 - 2023
 >> My beautiful survey                                                             
 >> I n v e r s e   S o l u t i o n   S e l e c t e d <<
 >> Reading start resistivity from res0.dat                      
 >> R e g u l a r i s e d   T y p e <<
 >>   L i n e a r    F i l t e r    <<
 >> L o g - D a t a   I n v e r s i o n <<
 >> N o r m a l   R e g u l a r i s a t i o n <<
 >> D a t a   w e i g h t s   w i l l   b e  m o d i f i e d <<
 >> D a t a   w e i g h t   t o   b e   r e a d   f r o m   d a t a   f i l e <<


 Processing dataset   1


 Measurements read:  1465     Measurements rejected:     0
   Geometric mean of apparent resistivities:  0.23223E+01

 >> Total Memory required is:          0.479 Gb

   Iteration   1
     Initial RMS Misfit:        88.07       Number of data ignored:     4
     Alpha:         493.145   RMS Misfit:        4.90  Roughness:      169.973
     Alpha:         228.897   RMS Misfit:        5.17  Roughness:      209.236
     Step length set to   1.00000
     Final RMS Misfit:        4.90
     Updated data weights

   Iteration   2
     Initial RMS Misfit:         3.82       Number of data ignored:     4
     Alpha:         289.043   RMS Misfit:        2.34  Roughness:      144.814
     Alpha:         134.162   RMS Misfit:        1.62  Roughness:      165.746
     Alpha:          62.272   RMS Misfit:        1.17  Roughness:      184.776
     Alpha:          28.904   RMS Misfit:        0.90  Roughness:      203.716
     Step length set to   1.00000
     Final RMS Misfit:        0.90
     Step length set to   0.88206
     Final RMS Misfit:        1.04

 Solution converged - Outputing results to file

 Calculating sensitivity map


 Processing dataset   2


 End of data:  Terminating


                     Timing Summary
                     ==============
     Total time taken:                                41. s
     Percent time taken forming element equations:    0.2 %
     Percent time taken solving forward  equations:  37.0 %
     Percent time taken forming Jacobian:             0.8 %
     Percent time taken solving inverse equations:   50.9 %
     Percent time taken calculating res. matrix:      0.0 %

                     Timing Details
                     ==============
     Number of calls to form element equations:       130
     Average time taken in call:                      0.0 s
     Number of calls to solve forward equations:    15600
     Average time taken in call:                      0.0 s
     Number of calls to form Jacobian:                  2
     Average time taken in call:                      0.2 s
     Number of calls to solve inverse equations:        6
     Average time taken in call:                      3.5 s
     Number of calls to calculate res. matrix:          1
     Average time taken in call:                      0.0 s
