

 >> R  2    R e s i s t i v i t y   I n v e r s i o n   v4.02 <<

 >> D a t e : 24 - 08 - 2023
 >> My beautiful survey                                                             
 >> I n v e r s e   S o l u t i o n   S e l e c t e d <<
 >> Reading start resistivity from res0.dat                      
 >> R e g u l a r i s e d   T y p e <<
 >>   L i n e a r    F i l t e r    <<
 >> L o g - D a t a   I n v e r s i o n <<
 >> N o r m a l   R e g u l a r i s a t i o n <<
 >> D a t a   w e i g h t s   w i l l   b e  m o d i f i e d <<
 >> D a t a   w e i g h t   t o   b e   r e a d   f r o m   d a t a   f i l e <<


 Processing dataset   1


 Measurements read:  1435     Measurements rejected:     0
   Geometric mean of apparent resistivities:  0.22767E+01

 >> Total Memory required is:          0.477 Gb

   Iteration   1
     Initial RMS Misfit:        86.99       Number of data ignored:     4
     Alpha:         493.142   RMS Misfit:        4.65  Roughness:      158.954
     Alpha:         228.896   RMS Misfit:        4.96  Roughness:      194.636
     Step length set to   1.00000
     Final RMS Misfit:        4.65
     Updated data weights

   Iteration   2
     Initial RMS Misfit:         3.69       Number of data ignored:     4
     Alpha:         287.941   RMS Misfit:        2.20  Roughness:      135.741
     Alpha:         133.651   RMS Misfit:        1.47  Roughness:      154.864
     Alpha:          62.035   RMS Misfit:        1.02  Roughness:      171.476
     Alpha:          28.794   RMS Misfit:        0.75  Roughness:      187.175
     Step length set to   1.00000
     Final RMS Misfit:        0.75
     Step length set to   0.80854
     Final RMS Misfit:        1.07

 Solution converged - Outputing results to file

 Calculating sensitivity map


 Processing dataset   2


 End of data:  Terminating


                     Timing Summary
                     ==============
     Total time taken:                                40. s
     Percent time taken forming element equations:    0.1 %
     Percent time taken solving forward  equations:  36.9 %
     Percent time taken forming Jacobian:             0.8 %
     Percent time taken solving inverse equations:   51.0 %
     Percent time taken calculating res. matrix:      0.0 %

                     Timing Details
                     ==============
     Number of calls to form element equations:       130
     Average time taken in call:                      0.0 s
     Number of calls to solve forward equations:    15600
     Average time taken in call:                      0.0 s
     Number of calls to form Jacobian:                  2
     Average time taken in call:                      0.2 s
     Number of calls to solve inverse equations:        6
     Average time taken in call:                      3.4 s
     Number of calls to calculate res. matrix:          1
     Average time taken in call:                      0.0 s
